<?xml version="1.0" encoding="UTF-8"?>
<testsuite xmlns:xsi="http://www.w3.org/2001/XMLSchema-instance" xsi:noNamespaceSchemaLocation="https://maven.apache.org/surefire/maven-surefire-plugin/xsd/surefire-test-report-3.0.xsd" version="3.0" name="ar.edu.unahur.obj2.w2j.contenidos.ContenidoTest" time="0.087" tests="6" errors="0" skipped="0" failures="0">
  <properties>
[...]
</properties>
  <testcase name="testSetCostoBase" classname="ar.edu.unahur.obj2.w2j.contenidos.ContenidoTest" time="0.036"/>
  <testcase name="testGetCostoBase" classname="ar.edu.unahur.obj2.w2j.contenidos.ContenidoTest" time="0.001"/>
  <testcase name="dadoUnDocumental_seCalculaElCosto" classname="ar.edu.unahur.obj2.w2j.contenidos.ContenidoTest" time="0.012"/>
  <testcase name="testSetTitulo" classname="ar.edu.unahur.obj2.w2j.contenidos.ContenidoTest" time="0.001"/>
  <testcase name="testDoCosto" classname="ar.edu.unahur.obj2.w2j.contenidos.ContenidoTest" time="0.001"/>
  <testcase name="testGetTitulo" classname="ar.edu.unahur.obj2.w2j.contenidos.ContenidoTest" time="0.001"/>
</testsuite>